5 -7 94.1429
-1 -7 82.8571
5 -1 92.2857
-1 -1 93.5714
11 -7 93.8571
11 -1 91.4286
5 -13 82.8571
-1 -13 77.4286
11 -13 94.0
-3 -7 77.4286
-3 -1 92.8571
-3 -13 77.4286
5 1 93.1429
-1 1 92.0
11 1 92.1429
-3 1 90.0
9 -7 94.1429
9 -1 91.2857
9 -13 93.8571
9 1 93.5714
5 -11 90.5714
-1 -11 77.4286
11 -11 93.8571
-3 -11 77.4286
9 -11 94.0
3 -7 93.8571
3 -1 93.5714
3 -13 77.4286
3 1 92.4286
3 -11 82.8571
5 -5 94.0
-1 -5 90.2857
11 -5 92.2857
-3 -5 82.2857
9 -5 93.7143
3 -5 94.2857
15 -7 92.5714
15 -1 90.5714
15 -13 94.4286
15 1 92.0
15 -11 94.2857
15 -5 91.8571
5 -15 77.4286
-1 -15 77.4286
11 -15 93.8571
-3 -15 77.4286
9 -15 90.5714
3 -15 77.4286
15 -15 93.8571
-5 -7 77.4286
-5 -1 88.5714
-5 -13 77.4286
-5 1 90.5714
-5 -11 77.4286
-5 -5 77.4286
-5 -15 77.4286
5 3 91.7143
-1 3 89.7143
11 3 91.7143
-3 3 86.5714
9 3 91.7143
3 3 91.4286
15 3 91.7143
-5 3 77.4286
7 -7 93.8571
7 -1 91.1429
7 -13 90.5714
7 1 92.8571
7 -11 93.8571
7 -5 93.7143
7 -15 82.8571
7 3 91.7143
5 -9 93.8571
-1 -9 77.4286
11 -9 94.4286
-3 -9 77.4286
9 -9 93.8571
3 -9 90.5714
15 -9 94.0
-5 -9 77.4286
7 -9 94.0
1 -7 90.5714
1 -1 93.2857
1 -13 77.4286
1 1 92.7143
1 -11 77.4286
1 -5 94.0
1 -15 77.4286
1 3 91.0
1 -9 82.8571
5 -3 93.4286
-1 -3 93.8571
11 -3 91.8571
-3 -3 90.0
9 -3 92.8571
3 -3 93.8571
15 -3 92.5714
-5 -3 78.5714
7 -3 92.5714
1 -3 93.5714
13 -7 93.8571
13 -1 91.0
13 -13 93.8571
13 1 91.8571
13 -11 94.4286
13 -5 92.0
13 -15 94.0
13 3 91.7143
13 -9 94.2857
13 -3 92.8571
